# JRE version: Java(TM) SE Runtime Environment (8.0_211-b12) (build 1.8.0_211-b12)
# Java VM: Java HotSpot(TM) 64-Bit Server VM (25.211-b12 mixed mode windows-amd64 compressed oops)
Heap:
 PSYoungGen      total 140800K, used 2562K [0x000000076b580000, 0x000000077df80000, 0x00000007c0000000)
  eden space 130048K, 1% used [0x000000076b580000,0x000000076b800b38,0x0000000773480000)
  from space 10752K, 0% used [0x0000000773480000,0x0000000773480000,0x0000000773f00000)
  to   space 22528K, 0% used [0x000000077c980000,0x000000077c980000,0x000000077df80000)
 ParOldGen       total 133120K, used 18774K [0x00000006c2000000, 0x00000006ca200000, 0x000000076b580000)
  object space 133120K, 14% used [0x00000006c2000000,0x00000006c3255a30,0x00000006ca200000)
 Metaspace       used 21018K, capacity 21268K, committed 21504K, reserved 1069056K
  class space    used 2673K, capacity 2738K, committed 2816K, reserved 1048576K
GC Heap History (10 events):
Event: 1.993 GC heap before
{Heap before GC invocations=2 (full 0):
 PSYoungGen      total 75776K, used 75759K [0x000000076b580000, 0x0000000770a00000, 0x00000007c0000000)
  eden space 65024K, 100% used [0x000000076b580000,0x000000076f500000,0x000000076f500000)
  from space 10752K, 99% used [0x000000076f500000,0x000000076ff7bfc0,0x000000076ff80000)
  to   space 10752K, 0% used [0x000000076ff80000,0x000000076ff80000,0x0000000770a00000)
 ParOldGen       total 173568K, used 1714K [0x00000006c2000000, 0x00000006cc980000, 0x000000076b580000)
  object space 173568K, 0% used [0x00000006c2000000,0x00000006c21aca30,0x00000006cc980000)
 Metaspace       used 15315K, capacity 15432K, committed 15744K, reserved 1062912K
  class space    used 2039K, capacity 2080K, committed 2176K, reserved 1048576K
Event: 2.013 GC heap after
Heap after GC invocations=2 (full 0):
 PSYoungGen      total 75776K, used 10732K [0x000000076b580000, 0x0000000774980000, 0x00000007c0000000)
  eden space 65024K, 0% used [0x000000076b580000,0x000000076b580000,0x000000076f500000)
  from space 10752K, 99% used [0x000000076ff80000,0x00000007709fb308,0x0000000770a00000)
  to   space 10752K, 0% used [0x000000076f500000,0x000000076f500000,0x000000076ff80000)
 ParOldGen       total 173568K, used 10600K [0x00000006c2000000, 0x00000006cc980000, 0x000000076b580000)
  object space 173568K, 6% used [0x00000006c2000000,0x00000006c2a5a0a0,0x00000006cc980000)
 Metaspace       used 15315K, capacity 15432K, committed 15744K, reserved 1062912K
  class space    used 2039K, capacity 2080K, committed 2176K, reserved 1048576K
}
Event: 3.075 GC heap before
{Heap before GC invocations=3 (full 0):
 PSYoungGen      total 75776K, used 75756K [0x000000076b580000, 0x0000000774980000, 0x00000007c0000000)
  eden space 65024K, 100% used [0x000000076b580000,0x000000076f500000,0x000000076f500000)
  from space 10752K, 99% used [0x000000076ff80000,0x00000007709fb308,0x0000000770a00000)
  to   space 10752K, 0% used [0x000000076f500000,0x000000076f500000,0x000000076ff80000)
 ParOldGen       total 173568K, used 10600K [0x00000006c2000000, 0x00000006cc980000, 0x000000076b580000)
  object space 173568K, 6% used [0x00000006c2000000,0x00000006c2a5a0a0,0x00000006cc980000)
 Metaspace       used 19651K, capacity 19870K, committed 20096K, reserved 1067008K
  class space    used 2540K, capacity 2601K, committed 2688K, reserved 1048576K
Event: 3.091 GC heap after
Heap after GC invocations=3 (full 0):
 PSYoungGen      total 75776K, used 10727K [0x000000076b580000, 0x0000000774980000, 0x00000007c0000000)
  eden space 65024K, 0% used [0x000000076b580000,0x000000076b580000,0x000000076f500000)
  from space 10752K, 99% used [0x000000076f500000,0x000000076ff79d20,0x000000076ff80000)
  to   space 10752K, 0% used [0x0000000773f00000,0x0000000773f00000,0x0000000774980000)
 ParOldGen       total 173568K, used 18541K [0x00000006c2000000, 0x00000006cc980000, 0x000000076b580000)
  object space 173568K, 10% used [0x00000006c2000000,0x00000006c321b750,0x00000006cc980000)
 Metaspace       used 19651K, capacity 19870K, committed 20096K, reserved 1067008K
  class space    used 2540K, capacity 2601K, committed 2688K, reserved 1048576K
}
Event: 3.612 GC heap before
{Heap before GC invocations=4 (full 0):
 PSYoungGen      total 75776K, used 75751K [0x000000076b580000, 0x0000000774980000, 0x00000007c0000000)
  eden space 65024K, 100% used [0x000000076b580000,0x000000076f500000,0x000000076f500000)
  from space 10752K, 99% used [0x000000076f500000,0x000000076ff79d20,0x000000076ff80000)
  to   space 10752K, 0% used [0x0000000773f00000,0x0000000773f00000,0x0000000774980000)
 ParOldGen       total 173568K, used 18541K [0x00000006c2000000, 0x00000006cc980000, 0x000000076b580000)
  object space 173568K, 10% used [0x00000006c2000000,0x00000006c321b750,0x00000006cc980000)
 Metaspace       used 20122K, capacity 20372K, committed 20608K, reserved 1067008K
  class space    used 2571K, capacity 2610K, committed 2688K, reserved 1048576K
Event: 3.625 GC heap after
Heap after GC invocations=4 (full 0):
 PSYoungGen      total 140800K, used 10720K [0x000000076b580000, 0x0000000774980000, 0x00000007c0000000)
  eden space 130048K, 0% used [0x000000076b580000,0x000000076b580000,0x0000000773480000)
  from space 10752K, 99% used [0x0000000773f00000,0x0000000774978130,0x0000000774980000)
  to   space 10752K, 0% used [0x0000000773480000,0x0000000773480000,0x0000000773f00000)
 ParOldGen       total 173568K, used 18981K [0x00000006c2000000, 0x00000006cc980000, 0x000000076b580000)
  object space 173568K, 10% used [0x00000006c2000000,0x00000006c3289540,0x00000006cc980000)
 Metaspace       used 20122K, capacity 20372K, committed 20608K, reserved 1067008K
  class space    used 2571K, capacity 2610K, committed 2688K, reserved 1048576K
}
Event: 3.853 GC heap before
{Heap before GC invocations=5 (full 0):
 PSYoungGen      total 140800K, used 16203K [0x000000076b580000, 0x0000000774980000, 0x00000007c0000000)
  eden space 130048K, 4% used [0x000000076b580000,0x000000076badad38,0x0000000773480000)
  from space 10752K, 99% used [0x0000000773f00000,0x0000000774978130,0x0000000774980000)
  to   space 10752K, 0% used [0x0000000773480000,0x0000000773480000,0x0000000773f00000)
 ParOldGen       total 173568K, used 18981K [0x00000006c2000000, 0x00000006cc980000, 0x000000076b580000)
  object space 173568K, 10% used [0x00000006c2000000,0x00000006c3289540,0x00000006cc980000)
 Metaspace       used 20870K, capacity 21140K, committed 21248K, reserved 1067008K
  class space    used 2653K, capacity 2738K, committed 2816K, reserved 1048576K
Event: 3.873 GC heap after
Heap after GC invocations=5 (full 0):
 PSYoungGen      total 140800K, used 10751K [0x000000076b580000, 0x000000077df80000, 0x00000007c0000000)
  eden space 130048K, 0% used [0x000000076b580000,0x000000076b580000,0x0000000773480000)
  from space 10752K, 99% used [0x0000000773480000,0x0000000773effd30,0x0000000773f00000)
  to   space 22528K, 0% used [0x000000077c980000,0x000000077c980000,0x000000077df80000)
 ParOldGen       total 173568K, used 19433K [0x00000006c2000000, 0x00000006cc980000, 0x000000076b580000)
  object space 173568K, 11% used [0x00000006c2000000,0x00000006c32fa550,0x00000006cc980000)
 Metaspace       used 20870K, capacity 21140K, committed 21248K, reserved 1067008K
  class space    used 2653K, capacity 2738K, committed 2816K, reserved 1048576K
}
Event: 3.873 GC heap before
{Heap before GC invocations=6 (full 1):
 PSYoungGen      total 140800K, used 10751K [0x000000076b580000, 0x000000077df80000, 0x00000007c0000000)
  eden space 130048K, 0% used [0x000000076b580000,0x000000076b580000,0x0000000773480000)
  from space 10752K, 99% used [0x0000000773480000,0x0000000773effd30,0x0000000773f00000)
  to   space 22528K, 0% used [0x000000077c980000,0x000000077c980000,0x000000077df80000)
 ParOldGen       total 173568K, used 19433K [0x00000006c2000000, 0x00000006cc980000, 0x000000076b580000)
  object space 173568K, 11% used [0x00000006c2000000,0x00000006c32fa550,0x00000006cc980000)
 Metaspace       used 20870K, capacity 21140K, committed 21248K, reserved 1067008K
  class space    used 2653K, capacity 2738K, committed 2816K, reserved 1048576K
Event: 4.027 GC heap after
Heap after GC invocations=6 (full 1):
 PSYoungGen      total 140800K, used 0K [0x000000076b580000, 0x000000077df80000, 0x00000007c0000000)
  eden space 130048K, 0% used [0x000000076b580000,0x000000076b580000,0x0000000773480000)
  from space 10752K, 0% used [0x0000000773480000,0x0000000773480000,0x0000000773f00000)
  to   space 22528K, 0% used [0x000000077c980000,0x000000077c980000,0x000000077df80000)
 ParOldGen       total 133120K, used 18774K [0x00000006c2000000, 0x00000006ca200000, 0x000000076b580000)
  object space 133120K, 14% used [0x00000006c2000000,0x00000006c3255a30,0x00000006ca200000)
 Metaspace       used 20870K, capacity 21140K, committed 21248K, reserved 1067008K
  class space    used 2653K, capacity 2738K, committed 2816K, reserved 1048576K
}

