# JRE version: Java(TM) SE Runtime Environment (8.0_211-b12) (build 1.8.0_211-b12)
# Java VM: Java HotSpot(TM) 64-Bit Server VM (25.211-b12 mixed mode windows-amd64 compressed oops)
Heap:
 PSYoungGen      total 145408K, used 5366K [0x00000000eaf00000, 0x00000000fcb00000, 0x0000000100000000)
  eden space 131072K, 4% used [0x00000000eaf00000,0x00000000eb43d968,0x00000000f2f00000)
  from space 14336K, 0% used [0x00000000f2f00000,0x00000000f2f00000,0x00000000f3d00000)
  to   space 14336K, 0% used [0x00000000fbd00000,0x00000000fbd00000,0x00000000fcb00000)
 ParOldGen       total 66560K, used 28210K [0x00000000c0c00000, 0x00000000c4d00000, 0x00000000eaf00000)
  object space 66560K, 42% used [0x00000000c0c00000,0x00000000c278cb10,0x00000000c4d00000)
 Metaspace       used 21200K, capacity 21498K, committed 21760K, reserved 1069056K
  class space    used 2688K, capacity 2771K, committed 2816K, reserved 1048576K
GC Heap History (10 events):
Event: 1.777 GC heap before
{Heap before GC invocations=4 (full 0):
 PSYoungGen      total 35328K, used 35312K [0x00000000eaf00000, 0x00000000ef400000, 0x0000000100000000)
  eden space 32768K, 100% used [0x00000000eaf00000,0x00000000ecf00000,0x00000000ecf00000)
  from space 2560K, 99% used [0x00000000ecf00000,0x00000000ed17c010,0x00000000ed180000)
  to   space 2560K, 0% used [0x00000000ef180000,0x00000000ef180000,0x00000000ef400000)
 ParOldGen       total 44032K, used 9423K [0x00000000c0c00000, 0x00000000c3700000, 0x00000000eaf00000)
  object space 44032K, 21% used [0x00000000c0c00000,0x00000000c1533dd8,0x00000000c3700000)
 Metaspace       used 11948K, capacity 12042K, committed 12160K, reserved 1060864K
  class space    used 1557K, capacity 1595K, committed 1664K, reserved 1048576K
Event: 1.788 GC heap after
Heap after GC invocations=4 (full 0):
 PSYoungGen      total 68096K, used 2560K [0x00000000eaf00000, 0x00000000ef400000, 0x0000000100000000)
  eden space 65536K, 0% used [0x00000000eaf00000,0x00000000eaf00000,0x00000000eef00000)
  from space 2560K, 100% used [0x00000000ef180000,0x00000000ef400000,0x00000000ef400000)
  to   space 2560K, 0% used [0x00000000eef00000,0x00000000eef00000,0x00000000ef180000)
 ParOldGen       total 44032K, used 15234K [0x00000000c0c00000, 0x00000000c3700000, 0x00000000eaf00000)
  object space 44032K, 34% used [0x00000000c0c00000,0x00000000c1ae0af8,0x00000000c3700000)
 Metaspace       used 11948K, capacity 12042K, committed 12160K, reserved 1060864K
  class space    used 1557K, capacity 1595K, committed 1664K, reserved 1048576K
}
Event: 3.480 GC heap before
{Heap before GC invocations=5 (full 0):
 PSYoungGen      total 68096K, used 68096K [0x00000000eaf00000, 0x00000000ef400000, 0x0000000100000000)
  eden space 65536K, 100% used [0x00000000eaf00000,0x00000000eef00000,0x00000000eef00000)
  from space 2560K, 100% used [0x00000000ef180000,0x00000000ef400000,0x00000000ef400000)
  to   space 2560K, 0% used [0x00000000eef00000,0x00000000eef00000,0x00000000ef180000)
 ParOldGen       total 44032K, used 15234K [0x00000000c0c00000, 0x00000000c3700000, 0x00000000eaf00000)
  object space 44032K, 34% used [0x00000000c0c00000,0x00000000c1ae0af8,0x00000000c3700000)
 Metaspace       used 18455K, capacity 18618K, committed 18944K, reserved 1064960K
  class space    used 2420K, capacity 2467K, committed 2560K, reserved 1048576K
Event: 3.510 GC heap after
Heap after GC invocations=5 (full 0):
 PSYoungGen      total 68096K, used 2560K [0x00000000eaf00000, 0x00000000f4d00000, 0x0000000100000000)
  eden space 65536K, 0% used [0x00000000eaf00000,0x00000000eaf00000,0x00000000eef00000)
  from space 2560K, 100% used [0x00000000eef00000,0x00000000ef180000,0x00000000ef180000)
  to   space 15360K, 0% used [0x00000000f3e00000,0x00000000f3e00000,0x00000000f4d00000)
 ParOldGen       total 44032K, used 26172K [0x00000000c0c00000, 0x00000000c3700000, 0x00000000eaf00000)
  object space 44032K, 59% used [0x00000000c0c00000,0x00000000c258f108,0x00000000c3700000)
 Metaspace       used 18455K, capacity 18618K, committed 18944K, reserved 1064960K
  class space    used 2420K, capacity 2467K, committed 2560K, reserved 1048576K
}
Event: 4.566 GC heap before
{Heap before GC invocations=6 (full 0):
 PSYoungGen      total 68096K, used 68096K [0x00000000eaf00000, 0x00000000f4d00000, 0x0000000100000000)
  eden space 65536K, 100% used [0x00000000eaf00000,0x00000000eef00000,0x00000000eef00000)
  from space 2560K, 100% used [0x00000000eef00000,0x00000000ef180000,0x00000000ef180000)
  to   space 15360K, 0% used [0x00000000f3e00000,0x00000000f3e00000,0x00000000f4d00000)
 ParOldGen       total 44032K, used 26172K [0x00000000c0c00000, 0x00000000c3700000, 0x00000000eaf00000)
  object space 44032K, 59% used [0x00000000c0c00000,0x00000000c258f108,0x00000000c3700000)
 Metaspace       used 20125K, capacity 20378K, committed 20608K, reserved 1067008K
  class space    used 2573K, capacity 2611K, committed 2688K, reserved 1048576K
Event: 4.579 GC heap after
Heap after GC invocations=6 (full 0):
 PSYoungGen      total 144384K, used 5657K [0x00000000eaf00000, 0x00000000f4b00000, 0x0000000100000000)
  eden space 131072K, 0% used [0x00000000eaf00000,0x00000000eaf00000,0x00000000f2f00000)
  from space 13312K, 42% used [0x00000000f3e00000,0x00000000f4386550,0x00000000f4b00000)
  to   space 14336K, 0% used [0x00000000f2f00000,0x00000000f2f00000,0x00000000f3d00000)
 ParOldGen       total 44032K, used 26180K [0x00000000c0c00000, 0x00000000c3700000, 0x00000000eaf00000)
  object space 44032K, 59% used [0x00000000c0c00000,0x00000000c2591108,0x00000000c3700000)
 Metaspace       used 20125K, capacity 20378K, committed 20608K, reserved 1067008K
  class space    used 2573K, capacity 2611K, committed 2688K, reserved 1048576K
}
Event: 5.012 GC heap before
{Heap before GC invocations=7 (full 0):
 PSYoungGen      total 144384K, used 31877K [0x00000000eaf00000, 0x00000000f4b00000, 0x0000000100000000)
  eden space 131072K, 20% used [0x00000000eaf00000,0x00000000ec89b0d0,0x00000000f2f00000)
  from space 13312K, 42% used [0x00000000f3e00000,0x00000000f4386550,0x00000000f4b00000)
  to   space 14336K, 0% used [0x00000000f2f00000,0x00000000f2f00000,0x00000000f3d00000)
 ParOldGen       total 44032K, used 26180K [0x00000000c0c00000, 0x00000000c3700000, 0x00000000eaf00000)
  object space 44032K, 59% used [0x00000000c0c00000,0x00000000c2591108,0x00000000c3700000)
 Metaspace       used 20875K, capacity 21114K, committed 21248K, reserved 1067008K
  class space    used 2646K, capacity 2707K, committed 2816K, reserved 1048576K
Event: 5.022 GC heap after
Heap after GC invocations=7 (full 0):
 PSYoungGen      total 145408K, used 3811K [0x00000000eaf00000, 0x00000000fcb00000, 0x0000000100000000)
  eden space 131072K, 0% used [0x00000000eaf00000,0x00000000eaf00000,0x00000000f2f00000)
  from space 14336K, 26% used [0x00000000f2f00000,0x00000000f32b8e48,0x00000000f3d00000)
  to   space 14336K, 0% used [0x00000000fbd00000,0x00000000fbd00000,0x00000000fcb00000)
 ParOldGen       total 44032K, used 27052K [0x00000000c0c00000, 0x00000000c3700000, 0x00000000eaf00000)
  object space 44032K, 61% used [0x00000000c0c00000,0x00000000c266b128,0x00000000c3700000)
 Metaspace       used 20875K, capacity 21114K, committed 21248K, reserved 1067008K
  class space    used 2646K, capacity 2707K, committed 2816K, reserved 1048576K
}
Event: 5.022 GC heap before
{Heap before GC invocations=8 (full 1):
 PSYoungGen      total 145408K, used 3811K [0x00000000eaf00000, 0x00000000fcb00000, 0x0000000100000000)
  eden space 131072K, 0% used [0x00000000eaf00000,0x00000000eaf00000,0x00000000f2f00000)
  from space 14336K, 26% used [0x00000000f2f00000,0x00000000f32b8e48,0x00000000f3d00000)
  to   space 14336K, 0% used [0x00000000fbd00000,0x00000000fbd00000,0x00000000fcb00000)
 ParOldGen       total 44032K, used 27052K [0x00000000c0c00000, 0x00000000c3700000, 0x00000000eaf00000)
  object space 44032K, 61% used [0x00000000c0c00000,0x00000000c266b128,0x00000000c3700000)
 Metaspace       used 20875K, capacity 21114K, committed 21248K, reserved 1067008K
  class space    used 2646K, capacity 2707K, committed 2816K, reserved 1048576K
Event: 5.134 GC heap after
Heap after GC invocations=8 (full 1):
 PSYoungGen      total 145408K, used 0K [0x00000000eaf00000, 0x00000000fcb00000, 0x0000000100000000)
  eden space 131072K, 0% used [0x00000000eaf00000,0x00000000eaf00000,0x00000000f2f00000)
  from space 14336K, 0% used [0x00000000f2f00000,0x00000000f2f00000,0x00000000f3d00000)
  to   space 14336K, 0% used [0x00000000fbd00000,0x00000000fbd00000,0x00000000fcb00000)
 ParOldGen       total 66560K, used 28210K [0x00000000c0c00000, 0x00000000c4d00000, 0x00000000eaf00000)
  object space 66560K, 42% used [0x00000000c0c00000,0x00000000c278cb10,0x00000000c4d00000)
 Metaspace       used 20875K, capacity 21114K, committed 21248K, reserved 1067008K
  class space    used 2646K, capacity 2707K, committed 2816K, reserved 1048576K
}

